<?xml version="1.0" encoding="UTF-8"?>
<testsuite xmlns:xsi="http://www.w3.org/2001/XMLSchema-instance" xsi:noNamespaceSchemaLocation="https://maven.apache.org/surefire/maven-surefire-plugin/xsd/surefire-test-report-3.0.xsd" version="3.0" name="ru.tinkoff.edu.java.scrapper.service.jdbc.JdbcTgChatServiceTest" time="24.358" tests="4" errors="0" skipped="0" failures="0">
  <properties>
    <property name="java.specification.version" value="17"/>
    <property name="sun.cpu.isalist" value="amd64"/>
    <property name="sun.jnu.encoding" value="Cp1251"/>
    <property name="java.class.path" value="C:\Учеба\Java Development\TinkoffRep\TinkoffProject\scrapper\target\test-classes;C:\Учеба\Java Development\TinkoffRep\TinkoffProject\scrapper\target\classes;C:\Users\PC-\.m2\repository\org\springframework\boot\spring-boot-starter-web\3.0.1\spring-boot-starter-web-3.0.1.jar;C:\Users\PC-\.m2\repository\org\springframework\boot\spring-boot-starter\3.0.1\spring-boot-starter-3.0.1.jar;C:\Users\PC-\.m2\repository\org\springframework\boot\spring-boot-starter-logging\3.0.1\spring-boot-starter-logging-3.0.1.jar;C:\Users\PC-\.m2\repository\ch\qos\logback\logback-classic\1.4.5\logback-classic-1.4.5.jar;C:\Users\PC-\.m2\repository\ch\qos\logback\logback-core\1.4.5\logback-core-1.4.5.jar;C:\Users\PC-\.m2\repository\org\apache\logging\log4j\log4j-to-slf4j\2.19.0\log4j-to-slf4j-2.19.0.jar;C:\Users\PC-\.m2\repository\org\apache\logging\log4j\log4j-api\2.19.0\log4j-api-2.19.0.jar;C:\Users\PC-\.m2\repository\org\slf4j\jul-to-slf4j\2.0.6\jul-to-slf4j-2.0.6.jar;C:\Users\PC-\.m2\repository\jakarta\annotation\jakarta.annotation-api\2.1.1\jakarta.annotation-api-2.1.1.jar;C:\Users\PC-\.m2\repository\org\springframework\boot\spring-boot-starter-json\3.0.1\spring-boot-starter-json-3.0.1.jar;C:\Users\PC-\.m2\repository\com\fasterxml\jackson\core\jackson-databind\2.14.1\jackson-databind-2.14.1.jar;C:\Users\PC-\.m2\repository\com\fasterxml\jackson\core\jackson-annotations\2.14.1\jackson-annotations-2.14.1.jar;C:\Users\PC-\.m2\repository\com\fasterxml\jackson\core\jackson-core\2.14.1\jackson-core-2.14.1.jar;C:\Users\PC-\.m2\repository\com\fasterxml\jackson\datatype\jackson-datatype-jdk8\2.14.1\jackson-datatype-jdk8-2.14.1.jar;C:\Users\PC-\.m2\repository\com\fasterxml\jackson\datatype\jackson-datatype-jsr310\2.14.1\jackson-datatype-jsr310-2.14.1.jar;C:\Users\PC-\.m2\repository\com\fasterxml\jackson\module\jackson-module-parameter-names\2.14.1\jackson-module-parameter-names-2.14.1.jar;C:\Users\PC-\.m2\repository\org\springframework\boot\spring-boot-starter-tomcat\3.0.1\spring-boot-starter-tomcat-3.0.1.jar;C:\Users\PC-\.m2\repository\org\apache\tomcat\embed\tomcat-embed-core\10.1.4\tomcat-embed-core-10.1.4.jar;C:\Users\PC-\.m2\repository\org\apache\tomcat\embed\tomcat-embed-websocket\10.1.4\tomcat-embed-websocket-10.1.4.jar;C:\Users\PC-\.m2\repository\org\springframework\spring-web\6.0.3\spring-web-6.0.3.jar;C:\Users\PC-\.m2\repository\org\springframework\spring-beans\6.0.3\spring-beans-6.0.3.jar;C:\Users\PC-\.m2\repository\io\micrometer\micrometer-observation\1.10.2\micrometer-observation-1.10.2.jar;C:\Users\PC-\.m2\repository\org\springframework\spring-webmvc\6.0.3\spring-webmvc-6.0.3.jar;C:\Users\PC-\.m2\repository\org\springframework\spring-aop\6.0.3\spring-aop-6.0.3.jar;C:\Users\PC-\.m2\repository\org\springframework\spring-context\6.0.3\spring-context-6.0.3.jar;C:\Users\PC-\.m2\repository\org\springframework\spring-expression\6.0.3\spring-expression-6.0.3.jar;C:\Users\PC-\.m2\repository\org\springframework\boot\spring-boot-starter-validation\3.0.1\spring-boot-starter-validation-3.0.1.jar;C:\Users\PC-\.m2\repository\org\apache\tomcat\embed\tomcat-embed-el\10.1.4\tomcat-embed-el-10.1.4.jar;C:\Users\PC-\.m2\repository\org\hibernate\validator\hibernate-validator\8.0.0.Final\hibernate-validator-8.0.0.Final.jar;C:\Users\PC-\.m2\repository\jakarta\validation\jakarta.validation-api\3.0.2\jakarta.validation-api-3.0.2.jar;C:\Users\PC-\.m2\repository\org\jboss\logging\jboss-logging\3.5.0.Final\jboss-logging-3.5.0.Final.jar;C:\Users\PC-\.m2\repository\com\fasterxml\classmate\1.5.1\classmate-1.5.1.jar;C:\Users\PC-\.m2\repository\org\springframework\boot\spring-boot-devtools\3.0.1\spring-boot-devtools-3.0.1.jar;C:\Users\PC-\.m2\repository\org\springframework\boot\spring-boot\3.0.1\spring-boot-3.0.1.jar;C:\Users\PC-\.m2\repository\org\springframework\boot\spring-boot-autoconfigure\3.0.1\spring-boot-autoconfigure-3.0.1.jar;C:\Users\PC-\.m2\repository\org\springframework\boot\spring-boot-configuration-processor\3.0.1\spring-boot-configuration-processor-3.0.1.jar;C:\Users\PC-\.m2\repository\org\springframework\spring-context-indexer\6.0.3\spring-context-indexer-6.0.3.jar;C:\Users\PC-\.m2\repository\org\springframework\boot\spring-boot-starter-test\3.0.1\spring-boot-starter-test-3.0.1.jar;C:\Users\PC-\.m2\repository\org\springframework\boot\spring-boot-test\3.0.1\spring-boot-test-3.0.1.jar;C:\Users\PC-\.m2\repository\org\springframework\boot\spring-boot-test-autoconfigure\3.0.1\spring-boot-test-autoconfigure-3.0.1.jar;C:\Users\PC-\.m2\repository\com\jayway\jsonpath\json-path\2.7.0\json-path-2.7.0.jar;C:\Users\PC-\.m2\repository\net\minidev\json-smart\2.4.8\json-smart-2.4.8.jar;C:\Users\PC-\.m2\repository\net\minidev\accessors-smart\2.4.8\accessors-smart-2.4.8.jar;C:\Users\PC-\.m2\repository\org\ow2\asm\asm\9.1\asm-9.1.jar;C:\Users\PC-\.m2\repository\jakarta\xml\bind\jakarta.xml.bind-api\4.0.0\jakarta.xml.bind-api-4.0.0.jar;C:\Users\PC-\.m2\repository\jakarta\activation\jakarta.activation-api\2.1.0\jakarta.activation-api-2.1.0.jar;C:\Users\PC-\.m2\repository\org\assertj\assertj-core\3.23.1\assertj-core-3.23.1.jar;C:\Users\PC-\.m2\repository\net\bytebuddy\byte-buddy\1.12.20\byte-buddy-1.12.20.jar;C:\Users\PC-\.m2\repository\org\hamcrest\hamcrest\2.2\hamcrest-2.2.jar;C:\Users\PC-\.m2\repository\org\junit\jupiter\junit-jupiter\5.9.1\junit-jupiter-5.9.1.jar;C:\Users\PC-\.m2\repository\org\junit\jupiter\junit-jupiter-params\5.9.1\junit-jupiter-params-5.9.1.jar;C:\Users\PC-\.m2\repository\org\junit\jupiter\junit-jupiter-engine\5.9.1\junit-jupiter-engine-5.9.1.jar;C:\Users\PC-\.m2\repository\org\junit\platform\junit-platform-engine\1.9.1\junit-platform-engine-1.9.1.jar;C:\Users\PC-\.m2\repository\org\mockito\mockito-core\4.8.1\mockito-core-4.8.1.jar;C:\Users\PC-\.m2\repository\net\bytebuddy\byte-buddy-agent\1.12.20\byte-buddy-agent-1.12.20.jar;C:\Users\PC-\.m2\repository\org\objenesis\objenesis\3.2\objenesis-3.2.jar;C:\Users\PC-\.m2\repository\org\mockito\mockito-junit-jupiter\4.8.1\mockito-junit-jupiter-4.8.1.jar;C:\Users\PC-\.m2\repository\org\skyscreamer\jsonassert\1.5.1\jsonassert-1.5.1.jar;C:\Users\PC-\.m2\repository\com\vaadin\external\google\android-json\0.0.20131108.vaadin1\android-json-0.0.20131108.vaadin1.jar;C:\Users\PC-\.m2\repository\org\springframework\spring-core\6.0.3\spring-core-6.0.3.jar;C:\Users\PC-\.m2\repository\org\springframework\spring-jcl\6.0.3\spring-jcl-6.0.3.jar;C:\Users\PC-\.m2\repository\org\springframework\spring-test\6.0.3\spring-test-6.0.3.jar;C:\Users\PC-\.m2\repository\org\xmlunit\xmlunit-core\2.9.0\xmlunit-core-2.9.0.jar;C:\Users\PC-\.m2\repository\org\springframework\boot\spring-boot-starter-jdbc\3.0.1\spring-boot-starter-jdbc-3.0.1.jar;C:\Users\PC-\.m2\repository\com\zaxxer\HikariCP\5.0.1\HikariCP-5.0.1.jar;C:\Users\PC-\.m2\repository\org\springframework\spring-jdbc\6.0.3\spring-jdbc-6.0.3.jar;C:\Users\PC-\.m2\repository\org\springframework\spring-tx\6.0.3\spring-tx-6.0.3.jar;C:\Users\PC-\.m2\repository\org\springframework\boot\spring-boot-starter-webflux\3.0.1\spring-boot-starter-webflux-3.0.1.jar;C:\Users\PC-\.m2\repository\org\springframework\boot\spring-boot-starter-reactor-netty\3.0.1\spring-boot-starter-reactor-netty-3.0.1.jar;C:\Users\PC-\.m2\repository\io\projectreactor\netty\reactor-netty-http\1.1.1\reactor-netty-http-1.1.1.jar;C:\Users\PC-\.m2\repository\io\netty\netty-codec-http\4.1.86.Final\netty-codec-http-4.1.86.Final.jar;C:\Users\PC-\.m2\repository\io\netty\netty-common\4.1.86.Final\netty-common-4.1.86.Final.jar;C:\Users\PC-\.m2\repository\io\netty\netty-buffer\4.1.86.Final\netty-buffer-4.1.86.Final.jar;C:\Users\PC-\.m2\repository\io\netty\netty-transport\4.1.86.Final\netty-transport-4.1.86.Final.jar;C:\Users\PC-\.m2\repository\io\netty\netty-codec\4.1.86.Final\netty-codec-4.1.86.Final.jar;C:\Users\PC-\.m2\repository\io\netty\netty-handler\4.1.86.Final\netty-handler-4.1.86.Final.jar;C:\Users\PC-\.m2\repository\io\netty\netty-codec-http2\4.1.86.Final\netty-codec-http2-4.1.86.Final.jar;C:\Users\PC-\.m2\repository\io\netty\netty-resolver-dns\4.1.86.Final\netty-resolver-dns-4.1.86.Final.jar;C:\Users\PC-\.m2\repository\io\netty\netty-resolver\4.1.86.Final\netty-resolver-4.1.86.Final.jar;C:\Users\PC-\.m2\repository\io\netty\netty-codec-dns\4.1.86.Final\netty-codec-dns-4.1.86.Final.jar;C:\Users\PC-\.m2\repository\io\netty\netty-resolver-dns-native-macos\4.1.86.Final\netty-resolver-dns-native-macos-4.1.86.Final-osx-x86_64.jar;C:\Users\PC-\.m2\repository\io\netty\netty-resolver-dns-classes-macos\4.1.86.Final\netty-resolver-dns-classes-macos-4.1.86.Final.jar;C:\Users\PC-\.m2\repository\io\netty\netty-transport-native-epoll\4.1.86.Final\netty-transport-native-epoll-4.1.86.Final-linux-x86_64.jar;C:\Users\PC-\.m2\repository\io\netty\netty-transport-native-unix-common\4.1.86.Final\netty-transport-native-unix-common-4.1.86.Final.jar;C:\Users\PC-\.m2\repository\io\netty\netty-transport-classes-epoll\4.1.86.Final\netty-transport-classes-epoll-4.1.86.Final.jar;C:\Users\PC-\.m2\repository\io\projectreactor\netty\reactor-netty-core\1.1.1\reactor-netty-core-1.1.1.jar;C:\Users\PC-\.m2\repository\io\netty\netty-handler-proxy\4.1.86.Final\netty-handler-proxy-4.1.86.Final.jar;C:\Users\PC-\.m2\repository\io\netty\netty-codec-socks\4.1.86.Final\netty-codec-socks-4.1.86.Final.jar;C:\Users\PC-\.m2\repository\org\springframework\spring-webflux\6.0.3\spring-webflux-6.0.3.jar;C:\Users\PC-\.m2\repository\io\projectreactor\reactor-core\3.5.1\reactor-core-3.5.1.jar;C:\Users\PC-\.m2\repository\org\springframework\boot\spring-boot-starter-data-jpa\3.0.1\spring-boot-starter-data-jpa-3.0.1.jar;C:\Users\PC-\.m2\repository\org\springframework\boot\spring-boot-starter-aop\3.0.1\spring-boot-starter-aop-3.0.1.jar;C:\Users\PC-\.m2\repository\org\aspectj\aspectjweaver\1.9.19\aspectjweaver-1.9.19.jar;C:\Users\PC-\.m2\repository\org\hibernate\orm\hibernate-core\6.1.6.Final\hibernate-core-6.1.6.Final.jar;C:\Users\PC-\.m2\repository\jakarta\persistence\jakarta.persistence-api\3.1.0\jakarta.persistence-api-3.1.0.jar;C:\Users\PC-\.m2\repository\jakarta\transaction\jakarta.transaction-api\2.0.1\jakarta.transaction-api-2.0.1.jar;C:\Users\PC-\.m2\repository\org\hibernate\common\hibernate-commons-annotations\6.0.2.Final\hibernate-commons-annotations-6.0.2.Final.jar;C:\Users\PC-\.m2\repository\org\jboss\jandex\2.4.2.Final\jandex-2.4.2.Final.jar;C:\Users\PC-\.m2\repository\org\glassfish\jaxb\jaxb-runtime\4.0.1\jaxb-runtime-4.0.1.jar;C:\Users\PC-\.m2\repository\org\glassfish\jaxb\jaxb-core\4.0.1\jaxb-core-4.0.1.jar;C:\Users\PC-\.m2\repository\org\eclipse\angus\angus-activation\1.0.0\angus-activation-1.0.0.jar;C:\Users\PC-\.m2\repository\org\glassfish\jaxb\txw2\4.0.1\txw2-4.0.1.jar;C:\Users\PC-\.m2\repository\com\sun\istack\istack-commons-runtime\4.1.1\istack-commons-runtime-4.1.1.jar;C:\Users\PC-\.m2\repository\jakarta\inject\jakarta.inject-api\2.0.0\jakarta.inject-api-2.0.0.jar;C:\Users\PC-\.m2\repository\org\antlr\antlr4-runtime\4.10.1\antlr4-runtime-4.10.1.jar;C:\Users\PC-\.m2\repository\org\springframework\data\spring-data-jpa\3.0.0\spring-data-jpa-3.0.0.jar;C:\Users\PC-\.m2\repository\org\springframework\data\spring-data-commons\3.0.0\spring-data-commons-3.0.0.jar;C:\Users\PC-\.m2\repository\org\springframework\spring-orm\6.0.3\spring-orm-6.0.3.jar;C:\Users\PC-\.m2\repository\org\springframework\spring-aspects\6.0.3\spring-aspects-6.0.3.jar;C:\Users\PC-\.m2\repository\org\springframework\boot\spring-boot-starter-amqp\3.0.1\spring-boot-starter-amqp-3.0.1.jar;C:\Users\PC-\.m2\repository\org\springframework\spring-messaging\6.0.3\spring-messaging-6.0.3.jar;C:\Users\PC-\.m2\repository\org\springframework\amqp\spring-rabbit\3.0.0\spring-rabbit-3.0.0.jar;C:\Users\PC-\.m2\repository\org\springframework\amqp\spring-amqp\3.0.0\spring-amqp-3.0.0.jar;C:\Users\PC-\.m2\repository\org\springframework\retry\spring-retry\1.3.1\spring-retry-1.3.1.jar;C:\Users\PC-\.m2\repository\javax\annotation\javax.annotation-api\1.3.2\javax.annotation-api-1.3.2.jar;C:\Users\PC-\.m2\repository\com\rabbitmq\amqp-client\5.16.0\amqp-client-5.16.0.jar;C:\Users\PC-\.m2\repository\org\springdoc\springdoc-openapi-starter-webmvc-ui\2.0.2\springdoc-openapi-starter-webmvc-ui-2.0.2.jar;C:\Users\PC-\.m2\repository\org\springdoc\springdoc-openapi-starter-webmvc-api\2.0.2\springdoc-openapi-starter-webmvc-api-2.0.2.jar;C:\Users\PC-\.m2\repository\org\springdoc\springdoc-openapi-starter-common\2.0.2\springdoc-openapi-starter-common-2.0.2.jar;C:\Users\PC-\.m2\repository\io\swagger\core\v3\swagger-core-jakarta\2.2.7\swagger-core-jakarta-2.2.7.jar;C:\Users\PC-\.m2\repository\io\swagger\core\v3\swagger-annotations-jakarta\2.2.7\swagger-annotations-jakarta-2.2.7.jar;C:\Users\PC-\.m2\repository\io\swagger\core\v3\swagger-models-jakarta\2.2.7\swagger-models-jakarta-2.2.7.jar;C:\Users\PC-\.m2\repository\com\fasterxml\jackson\dataformat\jackson-dataformat-yaml\2.14.1\jackson-dataformat-yaml-2.14.1.jar;C:\Users\PC-\.m2\repository\org\webjars\swagger-ui\4.15.5\swagger-ui-4.15.5.jar;C:\Users\PC-\.m2\repository\org\webjars\webjars-locator-core\0.52\webjars-locator-core-0.52.jar;C:\Users\PC-\.m2\repository\io\github\classgraph\classgraph\4.8.149\classgraph-4.8.149.jar;C:\Учеба\Java Development\TinkoffRep\TinkoffProject\link-parser\target\link-parser-1.0-SNAPSHOT.jar;C:\Users\PC-\.m2\repository\org\projectlombok\lombok\1.18.26\lombok-1.18.26.jar;C:\Users\PC-\.m2\repository\org\testcontainers\junit-jupiter\1.17.6\junit-jupiter-1.17.6.jar;C:\Users\PC-\.m2\repository\org\testcontainers\testcontainers\1.17.6\testcontainers-1.17.6.jar;C:\Users\PC-\.m2\repository\junit\junit\4.13.2\junit-4.13.2.jar;C:\Users\PC-\.m2\repository\org\hamcrest\hamcrest-core\2.2\hamcrest-core-2.2.jar;C:\Users\PC-\.m2\repository\org\apache\commons\commons-compress\1.22\commons-compress-1.22.jar;C:\Users\PC-\.m2\repository\org\rnorth\duct-tape\duct-tape\1.0.8\duct-tape-1.0.8.jar;C:\Users\PC-\.m2\repository\org\jetbrains\annotations\23.1.0\annotations-23.1.0.jar;C:\Users\PC-\.m2\repository\com\github\docker-java\docker-java-api\3.2.13\docker-java-api-3.2.13.jar;C:\Users\PC-\.m2\repository\com\github\docker-java\docker-java-transport-zerodep\3.2.13\docker-java-transport-zerodep-3.2.13.jar;C:\Users\PC-\.m2\repository\com\github\docker-java\docker-java-transport\3.2.13\docker-java-transport-3.2.13.jar;C:\Users\PC-\.m2\repository\net\java\dev\jna\jna\5.8.0\jna-5.8.0.jar;C:\Users\PC-\.m2\repository\org\junit\jupiter\junit-jupiter-api\5.9.1\junit-jupiter-api-5.9.1.jar;C:\Users\PC-\.m2\repository\org\opentest4j\opentest4j\1.2.0\opentest4j-1.2.0.jar;C:\Users\PC-\.m2\repository\org\junit\platform\junit-platform-commons\1.9.1\junit-platform-commons-1.9.1.jar;C:\Users\PC-\.m2\repository\org\apiguardian\apiguardian-api\1.1.2\apiguardian-api-1.1.2.jar;C:\Users\PC-\.m2\repository\org\testcontainers\postgresql\1.17.6\postgresql-1.17.6.jar;C:\Users\PC-\.m2\repository\org\testcontainers\jdbc\1.17.6\jdbc-1.17.6.jar;C:\Users\PC-\.m2\repository\org\testcontainers\database-commons\1.17.6\database-commons-1.17.6.jar;C:\Users\PC-\.m2\repository\org\liquibase\liquibase-core\4.17.2\liquibase-core-4.17.2.jar;C:\Users\PC-\.m2\repository\javax\xml\bind\jaxb-api\2.3.1\jaxb-api-2.3.1.jar;C:\Users\PC-\.m2\repository\javax\activation\javax.activation-api\1.2.0\javax.activation-api-1.2.0.jar;C:\Users\PC-\.m2\repository\org\yaml\snakeyaml\1.33\snakeyaml-1.33.jar;C:\Users\PC-\.m2\repository\com\opencsv\opencsv\5.7.1\opencsv-5.7.1.jar;C:\Users\PC-\.m2\repository\org\apache\commons\commons-lang3\3.12.0\commons-lang3-3.12.0.jar;C:\Users\PC-\.m2\repository\org\apache\commons\commons-text\1.10.0\commons-text-1.10.0.jar;C:\Users\PC-\.m2\repository\org\apache\commons\commons-collections4\4.4\commons-collections4-4.4.jar;C:\Users\PC-\.m2\repository\org\postgresql\postgresql\42.5.1\postgresql-42.5.1.jar;C:\Users\PC-\.m2\repository\org\checkerframework\checker-qual\3.5.0\checker-qual-3.5.0.jar;C:\Users\PC-\.m2\repository\org\jooq\jooq\3.18.3\jooq-3.18.3.jar;C:\Users\PC-\.m2\repository\io\r2dbc\r2dbc-spi\1.0.0.RELEASE\r2dbc-spi-1.0.0.RELEASE.jar;C:\Users\PC-\.m2\repository\org\reactivestreams\reactive-streams\1.0.4\reactive-streams-1.0.4.jar;C:\Users\PC-\.m2\repository\org\mapstruct\mapstruct\1.5.4.Final\mapstruct-1.5.4.Final.jar;C:\Users\PC-\.m2\repository\io\micrometer\micrometer-registry-prometheus\1.10.5\micrometer-registry-prometheus-1.10.5.jar;C:\Users\PC-\.m2\repository\io\micrometer\micrometer-core\1.10.2\micrometer-core-1.10.2.jar;C:\Users\PC-\.m2\repository\io\micrometer\micrometer-commons\1.10.2\micrometer-commons-1.10.2.jar;C:\Users\PC-\.m2\repository\org\hdrhistogram\HdrHistogram\2.1.12\HdrHistogram-2.1.12.jar;C:\Users\PC-\.m2\repository\org\latencyutils\LatencyUtils\2.0.3\LatencyUtils-2.0.3.jar;C:\Users\PC-\.m2\repository\io\prometheus\simpleclient_common\0.16.0\simpleclient_common-0.16.0.jar;C:\Users\PC-\.m2\repository\io\prometheus\simpleclient\0.16.0\simpleclient-0.16.0.jar;C:\Users\PC-\.m2\repository\io\prometheus\simpleclient_tracer_otel\0.16.0\simpleclient_tracer_otel-0.16.0.jar;C:\Users\PC-\.m2\repository\io\prometheus\simpleclient_tracer_common\0.16.0\simpleclient_tracer_common-0.16.0.jar;C:\Users\PC-\.m2\repository\io\prometheus\simpleclient_tracer_otel_agent\0.16.0\simpleclient_tracer_otel_agent-0.16.0.jar;C:\Users\PC-\.m2\repository\io\micrometer\micrometer-tracing-bridge-brave\1.0.4\micrometer-tracing-bridge-brave-1.0.4.jar;C:\Users\PC-\.m2\repository\io\micrometer\micrometer-tracing\1.0.0\micrometer-tracing-1.0.0.jar;C:\Users\PC-\.m2\repository\io\micrometer\context-propagation\1.0.0\context-propagation-1.0.0.jar;C:\Users\PC-\.m2\repository\aopalliance\aopalliance\1.0\aopalliance-1.0.jar;C:\Users\PC-\.m2\repository\org\slf4j\slf4j-api\2.0.6\slf4j-api-2.0.6.jar;C:\Users\PC-\.m2\repository\io\zipkin\brave\brave\5.14.1\brave-5.14.1.jar;C:\Users\PC-\.m2\repository\io\zipkin\brave\brave-context-slf4j\5.14.1\brave-context-slf4j-5.14.1.jar;C:\Users\PC-\.m2\repository\io\zipkin\brave\brave-instrumentation-http\5.14.1\brave-instrumentation-http-5.14.1.jar;C:\Users\PC-\.m2\repository\io\zipkin\aws\brave-propagation-aws\0.23.4\brave-propagation-aws-0.23.4.jar;"/>
    <property name="java.vm.vendor" value="Oracle Corporation"/>
    <property name="sun.arch.data.model" value="64"/>
    <property name="user.variant" value=""/>
    <property name="java.vendor.url" value="https://java.oracle.com/"/>
    <property name="user.timezone" value="Asia/Yekaterinburg"/>
    <property name="org.jboss.logging.provider" value="slf4j"/>
    <property name="os.name" value="Windows 10"/>
    <property name="java.vm.specification.version" value="17"/>
    <property name="sun.java.launcher" value="SUN_STANDARD"/>
    <property name="user.country" value="RU"/>
    <property name="sun.boot.library.path" value="C:\Program Files\Java\jdk-17\bin"/>
    <property name="sun.java.command" value="C:\Users\PC-\AppData\Local\Temp\surefire16706326502254256196\surefirebooter-20230531142006230_23.jar C:\Users\PC-\AppData\Local\Temp\surefire16706326502254256196 2023-05-31T14-19-40_920-jvmRun1 surefire-20230531142006230_21tmp surefire_4-20230531142006230_22tmp"/>
    <property name="jdk.debug" value="release"/>
    <property name="surefire.test.class.path" value="C:\Учеба\Java Development\TinkoffRep\TinkoffProject\scrapper\target\test-classes;C:\Учеба\Java Development\TinkoffRep\TinkoffProject\scrapper\target\classes;C:\Users\PC-\.m2\repository\org\springframework\boot\spring-boot-starter-web\3.0.1\spring-boot-starter-web-3.0.1.jar;C:\Users\PC-\.m2\repository\org\springframework\boot\spring-boot-starter\3.0.1\spring-boot-starter-3.0.1.jar;C:\Users\PC-\.m2\repository\org\springframework\boot\spring-boot-starter-logging\3.0.1\spring-boot-starter-logging-3.0.1.jar;C:\Users\PC-\.m2\repository\ch\qos\logback\logback-classic\1.4.5\logback-classic-1.4.5.jar;C:\Users\PC-\.m2\repository\ch\qos\logback\logback-core\1.4.5\logback-core-1.4.5.jar;C:\Users\PC-\.m2\repository\org\apache\logging\log4j\log4j-to-slf4j\2.19.0\log4j-to-slf4j-2.19.0.jar;C:\Users\PC-\.m2\repository\org\apache\logging\log4j\log4j-api\2.19.0\log4j-api-2.19.0.jar;C:\Users\PC-\.m2\repository\org\slf4j\jul-to-slf4j\2.0.6\jul-to-slf4j-2.0.6.jar;C:\Users\PC-\.m2\repository\jakarta\annotation\jakarta.annotation-api\2.1.1\jakarta.annotation-api-2.1.1.jar;C:\Users\PC-\.m2\repository\org\springframework\boot\spring-boot-starter-json\3.0.1\spring-boot-starter-json-3.0.1.jar;C:\Users\PC-\.m2\repository\com\fasterxml\jackson\core\jackson-databind\2.14.1\jackson-databind-2.14.1.jar;C:\Users\PC-\.m2\repository\com\fasterxml\jackson\core\jackson-annotations\2.14.1\jackson-annotations-2.14.1.jar;C:\Users\PC-\.m2\repository\com\fasterxml\jackson\core\jackson-core\2.14.1\jackson-core-2.14.1.jar;C:\Users\PC-\.m2\repository\com\fasterxml\jackson\datatype\jackson-datatype-jdk8\2.14.1\jackson-datatype-jdk8-2.14.1.jar;C:\Users\PC-\.m2\repository\com\fasterxml\jackson\datatype\jackson-datatype-jsr310\2.14.1\jackson-datatype-jsr310-2.14.1.jar;C:\Users\PC-\.m2\repository\com\fasterxml\jackson\module\jackson-module-parameter-names\2.14.1\jackson-module-parameter-names-2.14.1.jar;C:\Users\PC-\.m2\repository\org\springframework\boot\spring-boot-starter-tomcat\3.0.1\spring-boot-starter-tomcat-3.0.1.jar;C:\Users\PC-\.m2\repository\org\apache\tomcat\embed\tomcat-embed-core\10.1.4\tomcat-embed-core-10.1.4.jar;C:\Users\PC-\.m2\repository\org\apache\tomcat\embed\tomcat-embed-websocket\10.1.4\tomcat-embed-websocket-10.1.4.jar;C:\Users\PC-\.m2\repository\org\springframework\spring-web\6.0.3\spring-web-6.0.3.jar;C:\Users\PC-\.m2\repository\org\springframework\spring-beans\6.0.3\spring-beans-6.0.3.jar;C:\Users\PC-\.m2\repository\io\micrometer\micrometer-observation\1.10.2\micrometer-observation-1.10.2.jar;C:\Users\PC-\.m2\repository\org\springframework\spring-webmvc\6.0.3\spring-webmvc-6.0.3.jar;C:\Users\PC-\.m2\repository\org\springframework\spring-aop\6.0.3\spring-aop-6.0.3.jar;C:\Users\PC-\.m2\repository\org\springframework\spring-context\6.0.3\spring-context-6.0.3.jar;C:\Users\PC-\.m2\repository\org\springframework\spring-expression\6.0.3\spring-expression-6.0.3.jar;C:\Users\PC-\.m2\repository\org\springframework\boot\spring-boot-starter-validation\3.0.1\spring-boot-starter-validation-3.0.1.jar;C:\Users\PC-\.m2\repository\org\apache\tomcat\embed\tomcat-embed-el\10.1.4\tomcat-embed-el-10.1.4.jar;C:\Users\PC-\.m2\repository\org\hibernate\validator\hibernate-validator\8.0.0.Final\hibernate-validator-8.0.0.Final.jar;C:\Users\PC-\.m2\repository\jakarta\validation\jakarta.validation-api\3.0.2\jakarta.validation-api-3.0.2.jar;C:\Users\PC-\.m2\repository\org\jboss\logging\jboss-logging\3.5.0.Final\jboss-logging-3.5.0.Final.jar;C:\Users\PC-\.m2\repository\com\fasterxml\classmate\1.5.1\classmate-1.5.1.jar;C:\Users\PC-\.m2\repository\org\springframework\boot\spring-boot-devtools\3.0.1\spring-boot-devtools-3.0.1.jar;C:\Users\PC-\.m2\repository\org\springframework\boot\spring-boot\3.0.1\spring-boot-3.0.1.jar;C:\Users\PC-\.m2\repository\org\springframework\boot\spring-boot-autoconfigure\3.0.1\spring-boot-autoconfigure-3.0.1.jar;C:\Users\PC-\.m2\repository\org\springframework\boot\spring-boot-configuration-processor\3.0.1\spring-boot-configuration-processor-3.0.1.jar;C:\Users\PC-\.m2\repository\org\springframework\spring-context-indexer\6.0.3\spring-context-indexer-6.0.3.jar;C:\Users\PC-\.m2\repository\org\springframework\boot\spring-boot-starter-test\3.0.1\spring-boot-starter-test-3.0.1.jar;C:\Users\PC-\.m2\repository\org\springframework\boot\spring-boot-test\3.0.1\spring-boot-test-3.0.1.jar;C:\Users\PC-\.m2\repository\org\springframework\boot\spring-boot-test-autoconfigure\3.0.1\spring-boot-test-autoconfigure-3.0.1.jar;C:\Users\PC-\.m2\repository\com\jayway\jsonpath\json-path\2.7.0\json-path-2.7.0.jar;C:\Users\PC-\.m2\repository\net\minidev\json-smart\2.4.8\json-smart-2.4.8.jar;C:\Users\PC-\.m2\repository\net\minidev\accessors-smart\2.4.8\accessors-smart-2.4.8.jar;C:\Users\PC-\.m2\repository\org\ow2\asm\asm\9.1\asm-9.1.jar;C:\Users\PC-\.m2\repository\jakarta\xml\bind\jakarta.xml.bind-api\4.0.0\jakarta.xml.bind-api-4.0.0.jar;C:\Users\PC-\.m2\repository\jakarta\activation\jakarta.activation-api\2.1.0\jakarta.activation-api-2.1.0.jar;C:\Users\PC-\.m2\repository\org\assertj\assertj-core\3.23.1\assertj-core-3.23.1.jar;C:\Users\PC-\.m2\repository\net\bytebuddy\byte-buddy\1.12.20\byte-buddy-1.12.20.jar;C:\Users\PC-\.m2\repository\org\hamcrest\hamcrest\2.2\hamcrest-2.2.jar;C:\Users\PC-\.m2\repository\org\junit\jupiter\junit-jupiter\5.9.1\junit-jupiter-5.9.1.jar;C:\Users\PC-\.m2\repository\org\junit\jupiter\junit-jupiter-params\5.9.1\junit-jupiter-params-5.9.1.jar;C:\Users\PC-\.m2\repository\org\junit\jupiter\junit-jupiter-engine\5.9.1\junit-jupiter-engine-5.9.1.jar;C:\Users\PC-\.m2\repository\org\junit\platform\junit-platform-engine\1.9.1\junit-platform-engine-1.9.1.jar;C:\Users\PC-\.m2\repository\org\mockito\mockito-core\4.8.1\mockito-core-4.8.1.jar;C:\Users\PC-\.m2\repository\net\bytebuddy\byte-buddy-agent\1.12.20\byte-buddy-agent-1.12.20.jar;C:\Users\PC-\.m2\repository\org\objenesis\objenesis\3.2\objenesis-3.2.jar;C:\Users\PC-\.m2\repository\org\mockito\mockito-junit-jupiter\4.8.1\mockito-junit-jupiter-4.8.1.jar;C:\Users\PC-\.m2\repository\org\skyscreamer\jsonassert\1.5.1\jsonassert-1.5.1.jar;C:\Users\PC-\.m2\repository\com\vaadin\external\google\android-json\0.0.20131108.vaadin1\android-json-0.0.20131108.vaadin1.jar;C:\Users\PC-\.m2\repository\org\springframework\spring-core\6.0.3\spring-core-6.0.3.jar;C:\Users\PC-\.m2\repository\org\springframework\spring-jcl\6.0.3\spring-jcl-6.0.3.jar;C:\Users\PC-\.m2\repository\org\springframework\spring-test\6.0.3\spring-test-6.0.3.jar;C:\Users\PC-\.m2\repository\org\xmlunit\xmlunit-core\2.9.0\xmlunit-core-2.9.0.jar;C:\Users\PC-\.m2\repository\org\springframework\boot\spring-boot-starter-jdbc\3.0.1\spring-boot-starter-jdbc-3.0.1.jar;C:\Users\PC-\.m2\repository\com\zaxxer\HikariCP\5.0.1\HikariCP-5.0.1.jar;C:\Users\PC-\.m2\repository\org\springframework\spring-jdbc\6.0.3\spring-jdbc-6.0.3.jar;C:\Users\PC-\.m2\repository\org\springframework\spring-tx\6.0.3\spring-tx-6.0.3.jar;C:\Users\PC-\.m2\repository\org\springframework\boot\spring-boot-starter-webflux\3.0.1\spring-boot-starter-webflux-3.0.1.jar;C:\Users\PC-\.m2\repository\org\springframework\boot\spring-boot-starter-reactor-netty\3.0.1\spring-boot-starter-reactor-netty-3.0.1.jar;C:\Users\PC-\.m2\repository\io\projectreactor\netty\reactor-netty-http\1.1.1\reactor-netty-http-1.1.1.jar;C:\Users\PC-\.m2\repository\io\netty\netty-codec-http\4.1.86.Final\netty-codec-http-4.1.86.Final.jar;C:\Users\PC-\.m2\repository\io\netty\netty-common\4.1.86.Final\netty-common-4.1.86.Final.jar;C:\Users\PC-\.m2\repository\io\netty\netty-buffer\4.1.86.Final\netty-buffer-4.1.86.Final.jar;C:\Users\PC-\.m2\repository\io\netty\netty-transport\4.1.86.Final\netty-transport-4.1.86.Final.jar;C:\Users\PC-\.m2\repository\io\netty\netty-codec\4.1.86.Final\netty-codec-4.1.86.Final.jar;C:\Users\PC-\.m2\repository\io\netty\netty-handler\4.1.86.Final\netty-handler-4.1.86.Final.jar;C:\Users\PC-\.m2\repository\io\netty\netty-codec-http2\4.1.86.Final\netty-codec-http2-4.1.86.Final.jar;C:\Users\PC-\.m2\repository\io\netty\netty-resolver-dns\4.1.86.Final\netty-resolver-dns-4.1.86.Final.jar;C:\Users\PC-\.m2\repository\io\netty\netty-resolver\4.1.86.Final\netty-resolver-4.1.86.Final.jar;C:\Users\PC-\.m2\repository\io\netty\netty-codec-dns\4.1.86.Final\netty-codec-dns-4.1.86.Final.jar;C:\Users\PC-\.m2\repository\io\netty\netty-resolver-dns-native-macos\4.1.86.Final\netty-resolver-dns-native-macos-4.1.86.Final-osx-x86_64.jar;C:\Users\PC-\.m2\repository\io\netty\netty-resolver-dns-classes-macos\4.1.86.Final\netty-resolver-dns-classes-macos-4.1.86.Final.jar;C:\Users\PC-\.m2\repository\io\netty\netty-transport-native-epoll\4.1.86.Final\netty-transport-native-epoll-4.1.86.Final-linux-x86_64.jar;C:\Users\PC-\.m2\repository\io\netty\netty-transport-native-unix-common\4.1.86.Final\netty-transport-native-unix-common-4.1.86.Final.jar;C:\Users\PC-\.m2\repository\io\netty\netty-transport-classes-epoll\4.1.86.Final\netty-transport-classes-epoll-4.1.86.Final.jar;C:\Users\PC-\.m2\repository\io\projectreactor\netty\reactor-netty-core\1.1.1\reactor-netty-core-1.1.1.jar;C:\Users\PC-\.m2\repository\io\netty\netty-handler-proxy\4.1.86.Final\netty-handler-proxy-4.1.86.Final.jar;C:\Users\PC-\.m2\repository\io\netty\netty-codec-socks\4.1.86.Final\netty-codec-socks-4.1.86.Final.jar;C:\Users\PC-\.m2\repository\org\springframework\spring-webflux\6.0.3\spring-webflux-6.0.3.jar;C:\Users\PC-\.m2\repository\io\projectreactor\reactor-core\3.5.1\reactor-core-3.5.1.jar;C:\Users\PC-\.m2\repository\org\springframework\boot\spring-boot-starter-data-jpa\3.0.1\spring-boot-starter-data-jpa-3.0.1.jar;C:\Users\PC-\.m2\repository\org\springframework\boot\spring-boot-starter-aop\3.0.1\spring-boot-starter-aop-3.0.1.jar;C:\Users\PC-\.m2\repository\org\aspectj\aspectjweaver\1.9.19\aspectjweaver-1.9.19.jar;C:\Users\PC-\.m2\repository\org\hibernate\orm\hibernate-core\6.1.6.Final\hibernate-core-6.1.6.Final.jar;C:\Users\PC-\.m2\repository\jakarta\persistence\jakarta.persistence-api\3.1.0\jakarta.persistence-api-3.1.0.jar;C:\Users\PC-\.m2\repository\jakarta\transaction\jakarta.transaction-api\2.0.1\jakarta.transaction-api-2.0.1.jar;C:\Users\PC-\.m2\repository\org\hibernate\common\hibernate-commons-annotations\6.0.2.Final\hibernate-commons-annotations-6.0.2.Final.jar;C:\Users\PC-\.m2\repository\org\jboss\jandex\2.4.2.Final\jandex-2.4.2.Final.jar;C:\Users\PC-\.m2\repository\org\glassfish\jaxb\jaxb-runtime\4.0.1\jaxb-runtime-4.0.1.jar;C:\Users\PC-\.m2\repository\org\glassfish\jaxb\jaxb-core\4.0.1\jaxb-core-4.0.1.jar;C:\Users\PC-\.m2\repository\org\eclipse\angus\angus-activation\1.0.0\angus-activation-1.0.0.jar;C:\Users\PC-\.m2\repository\org\glassfish\jaxb\txw2\4.0.1\txw2-4.0.1.jar;C:\Users\PC-\.m2\repository\com\sun\istack\istack-commons-runtime\4.1.1\istack-commons-runtime-4.1.1.jar;C:\Users\PC-\.m2\repository\jakarta\inject\jakarta.inject-api\2.0.0\jakarta.inject-api-2.0.0.jar;C:\Users\PC-\.m2\repository\org\antlr\antlr4-runtime\4.10.1\antlr4-runtime-4.10.1.jar;C:\Users\PC-\.m2\repository\org\springframework\data\spring-data-jpa\3.0.0\spring-data-jpa-3.0.0.jar;C:\Users\PC-\.m2\repository\org\springframework\data\spring-data-commons\3.0.0\spring-data-commons-3.0.0.jar;C:\Users\PC-\.m2\repository\org\springframework\spring-orm\6.0.3\spring-orm-6.0.3.jar;C:\Users\PC-\.m2\repository\org\springframework\spring-aspects\6.0.3\spring-aspects-6.0.3.jar;C:\Users\PC-\.m2\repository\org\springframework\boot\spring-boot-starter-amqp\3.0.1\spring-boot-starter-amqp-3.0.1.jar;C:\Users\PC-\.m2\repository\org\springframework\spring-messaging\6.0.3\spring-messaging-6.0.3.jar;C:\Users\PC-\.m2\repository\org\springframework\amqp\spring-rabbit\3.0.0\spring-rabbit-3.0.0.jar;C:\Users\PC-\.m2\repository\org\springframework\amqp\spring-amqp\3.0.0\spring-amqp-3.0.0.jar;C:\Users\PC-\.m2\repository\org\springframework\retry\spring-retry\1.3.1\spring-retry-1.3.1.jar;C:\Users\PC-\.m2\repository\javax\annotation\javax.annotation-api\1.3.2\javax.annotation-api-1.3.2.jar;C:\Users\PC-\.m2\repository\com\rabbitmq\amqp-client\5.16.0\amqp-client-5.16.0.jar;C:\Users\PC-\.m2\repository\org\springdoc\springdoc-openapi-starter-webmvc-ui\2.0.2\springdoc-openapi-starter-webmvc-ui-2.0.2.jar;C:\Users\PC-\.m2\repository\org\springdoc\springdoc-openapi-starter-webmvc-api\2.0.2\springdoc-openapi-starter-webmvc-api-2.0.2.jar;C:\Users\PC-\.m2\repository\org\springdoc\springdoc-openapi-starter-common\2.0.2\springdoc-openapi-starter-common-2.0.2.jar;C:\Users\PC-\.m2\repository\io\swagger\core\v3\swagger-core-jakarta\2.2.7\swagger-core-jakarta-2.2.7.jar;C:\Users\PC-\.m2\repository\io\swagger\core\v3\swagger-annotations-jakarta\2.2.7\swagger-annotations-jakarta-2.2.7.jar;C:\Users\PC-\.m2\repository\io\swagger\core\v3\swagger-models-jakarta\2.2.7\swagger-models-jakarta-2.2.7.jar;C:\Users\PC-\.m2\repository\com\fasterxml\jackson\dataformat\jackson-dataformat-yaml\2.14.1\jackson-dataformat-yaml-2.14.1.jar;C:\Users\PC-\.m2\repository\org\webjars\swagger-ui\4.15.5\swagger-ui-4.15.5.jar;C:\Users\PC-\.m2\repository\org\webjars\webjars-locator-core\0.52\webjars-locator-core-0.52.jar;C:\Users\PC-\.m2\repository\io\github\classgraph\classgraph\4.8.149\classgraph-4.8.149.jar;C:\Учеба\Java Development\TinkoffRep\TinkoffProject\link-parser\target\link-parser-1.0-SNAPSHOT.jar;C:\Users\PC-\.m2\repository\org\projectlombok\lombok\1.18.26\lombok-1.18.26.jar;C:\Users\PC-\.m2\repository\org\testcontainers\junit-jupiter\1.17.6\junit-jupiter-1.17.6.jar;C:\Users\PC-\.m2\repository\org\testcontainers\testcontainers\1.17.6\testcontainers-1.17.6.jar;C:\Users\PC-\.m2\repository\junit\junit\4.13.2\junit-4.13.2.jar;C:\Users\PC-\.m2\repository\org\hamcrest\hamcrest-core\2.2\hamcrest-core-2.2.jar;C:\Users\PC-\.m2\repository\org\apache\commons\commons-compress\1.22\commons-compress-1.22.jar;C:\Users\PC-\.m2\repository\org\rnorth\duct-tape\duct-tape\1.0.8\duct-tape-1.0.8.jar;C:\Users\PC-\.m2\repository\org\jetbrains\annotations\23.1.0\annotations-23.1.0.jar;C:\Users\PC-\.m2\repository\com\github\docker-java\docker-java-api\3.2.13\docker-java-api-3.2.13.jar;C:\Users\PC-\.m2\repository\com\github\docker-java\docker-java-transport-zerodep\3.2.13\docker-java-transport-zerodep-3.2.13.jar;C:\Users\PC-\.m2\repository\com\github\docker-java\docker-java-transport\3.2.13\docker-java-transport-3.2.13.jar;C:\Users\PC-\.m2\repository\net\java\dev\jna\jna\5.8.0\jna-5.8.0.jar;C:\Users\PC-\.m2\repository\org\junit\jupiter\junit-jupiter-api\5.9.1\junit-jupiter-api-5.9.1.jar;C:\Users\PC-\.m2\repository\org\opentest4j\opentest4j\1.2.0\opentest4j-1.2.0.jar;C:\Users\PC-\.m2\repository\org\junit\platform\junit-platform-commons\1.9.1\junit-platform-commons-1.9.1.jar;C:\Users\PC-\.m2\repository\org\apiguardian\apiguardian-api\1.1.2\apiguardian-api-1.1.2.jar;C:\Users\PC-\.m2\repository\org\testcontainers\postgresql\1.17.6\postgresql-1.17.6.jar;C:\Users\PC-\.m2\repository\org\testcontainers\jdbc\1.17.6\jdbc-1.17.6.jar;C:\Users\PC-\.m2\repository\org\testcontainers\database-commons\1.17.6\database-commons-1.17.6.jar;C:\Users\PC-\.m2\repository\org\liquibase\liquibase-core\4.17.2\liquibase-core-4.17.2.jar;C:\Users\PC-\.m2\repository\javax\xml\bind\jaxb-api\2.3.1\jaxb-api-2.3.1.jar;C:\Users\PC-\.m2\repository\javax\activation\javax.activation-api\1.2.0\javax.activation-api-1.2.0.jar;C:\Users\PC-\.m2\repository\org\yaml\snakeyaml\1.33\snakeyaml-1.33.jar;C:\Users\PC-\.m2\repository\com\opencsv\opencsv\5.7.1\opencsv-5.7.1.jar;C:\Users\PC-\.m2\repository\org\apache\commons\commons-lang3\3.12.0\commons-lang3-3.12.0.jar;C:\Users\PC-\.m2\repository\org\apache\commons\commons-text\1.10.0\commons-text-1.10.0.jar;C:\Users\PC-\.m2\repository\org\apache\commons\commons-collections4\4.4\commons-collections4-4.4.jar;C:\Users\PC-\.m2\repository\org\postgresql\postgresql\42.5.1\postgresql-42.5.1.jar;C:\Users\PC-\.m2\repository\org\checkerframework\checker-qual\3.5.0\checker-qual-3.5.0.jar;C:\Users\PC-\.m2\repository\org\jooq\jooq\3.18.3\jooq-3.18.3.jar;C:\Users\PC-\.m2\repository\io\r2dbc\r2dbc-spi\1.0.0.RELEASE\r2dbc-spi-1.0.0.RELEASE.jar;C:\Users\PC-\.m2\repository\org\reactivestreams\reactive-streams\1.0.4\reactive-streams-1.0.4.jar;C:\Users\PC-\.m2\repository\org\mapstruct\mapstruct\1.5.4.Final\mapstruct-1.5.4.Final.jar;C:\Users\PC-\.m2\repository\io\micrometer\micrometer-registry-prometheus\1.10.5\micrometer-registry-prometheus-1.10.5.jar;C:\Users\PC-\.m2\repository\io\micrometer\micrometer-core\1.10.2\micrometer-core-1.10.2.jar;C:\Users\PC-\.m2\repository\io\micrometer\micrometer-commons\1.10.2\micrometer-commons-1.10.2.jar;C:\Users\PC-\.m2\repository\org\hdrhistogram\HdrHistogram\2.1.12\HdrHistogram-2.1.12.jar;C:\Users\PC-\.m2\repository\org\latencyutils\LatencyUtils\2.0.3\LatencyUtils-2.0.3.jar;C:\Users\PC-\.m2\repository\io\prometheus\simpleclient_common\0.16.0\simpleclient_common-0.16.0.jar;C:\Users\PC-\.m2\repository\io\prometheus\simpleclient\0.16.0\simpleclient-0.16.0.jar;C:\Users\PC-\.m2\repository\io\prometheus\simpleclient_tracer_otel\0.16.0\simpleclient_tracer_otel-0.16.0.jar;C:\Users\PC-\.m2\repository\io\prometheus\simpleclient_tracer_common\0.16.0\simpleclient_tracer_common-0.16.0.jar;C:\Users\PC-\.m2\repository\io\prometheus\simpleclient_tracer_otel_agent\0.16.0\simpleclient_tracer_otel_agent-0.16.0.jar;C:\Users\PC-\.m2\repository\io\micrometer\micrometer-tracing-bridge-brave\1.0.4\micrometer-tracing-bridge-brave-1.0.4.jar;C:\Users\PC-\.m2\repository\io\micrometer\micrometer-tracing\1.0.0\micrometer-tracing-1.0.0.jar;C:\Users\PC-\.m2\repository\io\micrometer\context-propagation\1.0.0\context-propagation-1.0.0.jar;C:\Users\PC-\.m2\repository\aopalliance\aopalliance\1.0\aopalliance-1.0.jar;C:\Users\PC-\.m2\repository\org\slf4j\slf4j-api\2.0.6\slf4j-api-2.0.6.jar;C:\Users\PC-\.m2\repository\io\zipkin\brave\brave\5.14.1\brave-5.14.1.jar;C:\Users\PC-\.m2\repository\io\zipkin\brave\brave-context-slf4j\5.14.1\brave-context-slf4j-5.14.1.jar;C:\Users\PC-\.m2\repository\io\zipkin\brave\brave-instrumentation-http\5.14.1\brave-instrumentation-http-5.14.1.jar;C:\Users\PC-\.m2\repository\io\zipkin\aws\brave-propagation-aws\0.23.4\brave-propagation-aws-0.23.4.jar;"/>
    <property name="sun.cpu.endian" value="little"/>
    <property name="user.home" value="C:\Users\PC-"/>
    <property name="user.language" value="ru"/>
    <property name="java.specification.vendor" value="Oracle Corporation"/>
    <property name="java.version.date" value="2023-04-18"/>
    <property name="java.home" value="C:\Program Files\Java\jdk-17"/>
    <property name="file.separator" value="\"/>
    <property name="basedir" value="C:\Учеба\Java Development\TinkoffRep\TinkoffProject\scrapper"/>
    <property name="java.vm.compressedOopsMode" value="Zero based"/>
    <property name="line.separator" value="&#10;"/>
    <property name="java.vm.specification.vendor" value="Oracle Corporation"/>
    <property name="java.specification.name" value="Java Platform API Specification"/>
    <property name="FILE_LOG_CHARSET" value="windows-1251"/>
    <property name="java.awt.headless" value="true"/>
    <property name="surefire.real.class.path" value="C:\Users\PC-\AppData\Local\Temp\surefire16706326502254256196\surefirebooter-20230531142006230_23.jar"/>
    <property name="user.script" value=""/>
    <property name="sun.management.compiler" value="HotSpot 64-Bit Tiered Compilers"/>
    <property name="java.runtime.version" value="17.0.7+8-LTS-224"/>
    <property name="user.name" value="Роман"/>
    <property name="path.separator" value=";"/>
    <property name="os.version" value="10.0"/>
    <property name="java.runtime.name" value="Java(TM) SE Runtime Environment"/>
    <property name="file.encoding" value="Cp1251"/>
    <property name="java.vm.name" value="Java HotSpot(TM) 64-Bit Server VM"/>
    <property name="localRepository" value="C:\Users\PC-\.m2\repository"/>
    <property name="java.vendor.url.bug" value="https://bugreport.java.com/bugreport/"/>
    <property name="java.io.tmpdir" value="C:\Users\PC-\AppData\Local\Temp\"/>
    <property name="java.version" value="17.0.7"/>
    <property name="user.dir" value="C:\Учеба\Java Development\TinkoffRep\TinkoffProject\scrapper"/>
    <property name="os.arch" value="amd64"/>
    <property name="java.vm.specification.name" value="Java Virtual Machine Specification"/>
    <property name="PID" value="12660"/>
    <property name="sun.os.patch.level" value=""/>
    <property name="CONSOLE_LOG_CHARSET" value="windows-1251"/>
    <property name="native.encoding" value="Cp1251"/>
    <property name="java.library.path" value="C:\Program Files\Java\jdk-17\bin;C:\Windows\Sun\Java\bin;C:\Windows\system32;C:\Windows;C:\Program Files\Common Files\Oracle\Java\javapath;C:\Windows\system32;C:\Windows;C:\Windows\System32\Wbem;C:\Windows\System32\WindowsPowerShell\v1.0\;C:\Windows\System32\OpenSSH\;C:\Program Files\dotnet\;C:\Program Files\Docker\Docker\resources\bin;C:\Program Files\Java\jdk-17\bin;C:\Program Files\Git\cmd;C:\Program Files\Maven\apache-maven-3.9.2-bin\apache-maven-3.9.2\bin;C:\Users\PC-\AppData\Local\Microsoft\WindowsApps;;C:\Program Files\JetBrains\IntelliJ IDEA Community Edition 2023.1.2\bin;;."/>
    <property name="java.vm.info" value="mixed mode, sharing"/>
    <property name="java.vendor" value="Oracle Corporation"/>
    <property name="java.vm.version" value="17.0.7+8-LTS-224"/>
    <property name="sun.io.unicode.encoding" value="UnicodeLittle"/>
    <property name="java.class.version" value="61.0"/>
  </properties>
  <testcase name="removeChat_shouldReturnExpectedResponse" classname="ru.tinkoff.edu.java.scrapper.service.jdbc.JdbcTgChatServiceTest" time="1.743">
    <system-out><![CDATA[2023-05-31 14:20:34 &amp#27;[34mINFO &amp#27;[0;39m &amp#27;[35m[main]&amp#27;[0;39m &amp#27;[36mo.s.t.c.s.AnnotationConfigContextLoaderUtils.detectDefaultConfigurationClasses&amp#27;[0;39m - Could not detect default configuration classes for test class [ru.tinkoff.edu.java.scrapper.service.jdbc.JdbcTgChatServiceTest]: JdbcTgChatServiceTest does not declare any static, non-private, non-final, nested classes annotated with @Configuration.
2023-05-31 14:20:34 &amp#27;[34mINFO &amp#27;[0;39m &amp#27;[35m[main]&amp#27;[0;39m &amp#27;[36mo.s.b.t.c.SpringBootTestContextBootstrapper.getOrFindConfigurationClasses&amp#27;[0;39m - Found @SpringBootConfiguration ru.tinkoff.edu.java.scrapper.ScrapperApplication for test class ru.tinkoff.edu.java.scrapper.service.jdbc.JdbcTgChatServiceTest
2023-05-31 14:20:34 &amp#27;[34mINFO &amp#27;[0;39m &amp#27;[35m[main]&amp#27;[0;39m &amp#27;[36mo.t.u.ImageNameSubstitutor.instance&amp#27;[0;39m - Image name substitution will be performed by: DefaultImageNameSubstitutor (composite of 'ConfigurationFileImageNameSubstitutor' and 'PrefixingImageNameSubstitutor')
2023-05-31 14:20:34 &amp#27;[34mINFO &amp#27;[0;39m &amp#27;[35m[main]&amp#27;[0;39m &amp#27;[36mo.t.d.DockerClientProviderStrategy.lambda$loadConfiguredStrategy$9&amp#27;[0;39m - Loaded org.testcontainers.dockerclient.NpipeSocketClientProviderStrategy from ~/.testcontainers.properties, will try it first
2023-05-31 14:20:35 &amp#27;[34mINFO &amp#27;[0;39m &amp#27;[35m[main]&amp#27;[0;39m &amp#27;[36mo.t.d.DockerClientProviderStrategy.tryOutStrategy&amp#27;[0;39m - Found Docker environment with local Npipe socket (npipe:////./pipe/docker_engine)
2023-05-31 14:20:35 &amp#27;[34mINFO &amp#27;[0;39m &amp#27;[35m[main]&amp#27;[0;39m &amp#27;[36mo.t.DockerClientFactory.client&amp#27;[0;39m - Docker host IP address is localhost
2023-05-31 14:20:35 &amp#27;[34mINFO &amp#27;[0;39m &amp#27;[35m[main]&amp#27;[0;39m &amp#27;[36mo.t.DockerClientFactory.client&amp#27;[0;39m - Connected to docker: 
  Server Version: 23.0.5
  API Version: 1.42
  Operating System: Docker Desktop
  Total Memory: 7798 MB
2023-05-31 14:20:35 &amp#27;[34mINFO &amp#27;[0;39m &amp#27;[35m[main]&amp#27;[0;39m &amp#27;[36md.3.4].tryStart&amp#27;[0;39m - Creating container for image: testcontainers/ryuk:0.3.4
2023-05-31 14:20:35 &amp#27;[34mINFO &amp#27;[0;39m &amp#27;[35m[main]&amp#27;[0;39m &amp#27;[36mo.t.u.RegistryAuthLocator.runCredentialProvider&amp#27;[0;39m - Credential helper/store (docker-credential-desktop) does not have credentials for https://index.docker.io/v1/
2023-05-31 14:20:35 &amp#27;[34mINFO &amp#27;[0;39m &amp#27;[35m[main]&amp#27;[0;39m &amp#27;[36md.3.4].tryStart&amp#27;[0;39m - Container testcontainers/ryuk:0.3.4 is starting: d14bde95ddb791746d38a846cfba9f445ac4811627e7aa55e50162ad74ced786
2023-05-31 14:20:36 &amp#27;[34mINFO &amp#27;[0;39m &amp#27;[35m[main]&amp#27;[0;39m &amp#27;[36md.3.4].tryStart&amp#27;[0;39m - Container testcontainers/ryuk:0.3.4 started in PT1.0788152S
2023-05-31 14:20:36 &amp#27;[34mINFO &amp#27;[0;39m &amp#27;[35m[main]&amp#27;[0;39m &amp#27;[36mo.t.utility.RyukResourceReaper.init&amp#27;[0;39m - Ryuk started - will monitor and terminate Testcontainers containers on JVM exit
2023-05-31 14:20:36 &amp#27;[34mINFO &amp#27;[0;39m &amp#27;[35m[main]&amp#27;[0;39m &amp#27;[36mo.t.DockerClientFactory.client&amp#27;[0;39m - Checking the system...
2023-05-31 14:20:36 &amp#27;[34mINFO &amp#27;[0;39m &amp#27;[35m[main]&amp#27;[0;39m &amp#27;[36mo.t.DockerClientFactory.check&amp#27;[0;39m - ?? Docker server version should be at least 1.6.0
2023-05-31 14:20:36 &amp#27;[34mINFO &amp#27;[0;39m &amp#27;[35m[main]&amp#27;[0;39m &amp#27;[36mdocker[postgres:15].tryStart&amp#27;[0;39m - Creating container for image: postgres:15
2023-05-31 14:20:36 &amp#27;[34mINFO &amp#27;[0;39m &amp#27;[35m[main]&amp#27;[0;39m &amp#27;[36mdocker[postgres:15].tryStart&amp#27;[0;39m - Container postgres:15 is starting: b32ecdcad608bb97068c9a11d6944927f18e57bca157c07bb43f8dbbe582b1f7
2023-05-31 14:20:38 &amp#27;[34mINFO &amp#27;[0;39m &amp#27;[35m[main]&amp#27;[0;39m &amp#27;[36mdocker[postgres:15].tryStart&amp#27;[0;39m - Container postgres:15 started in PT1.8246271S

  .   ____          _            __ _ _
 /\\ / ___'_ __ _ _(_)_ __  __ _ \ \ \ \
( ( )\___ | '_ | '_| | '_ \/ _` | \ \ \ \
 \\/  ___)| |_)| | | | | || (_| |  ) ) ) )
  '  |____| .__|_| |_|_| |_\__, | / / / /
 =========|_|==============|___/=/_/_/_/
 :: Spring Boot ::                (v3.0.1)

2023-05-31 14:20:38 &amp#27;[34mINFO &amp#27;[0;39m &amp#27;[35m[background-preinit]&amp#27;[0;39m &amp#27;[36mo.h.v.internal.util.Version.<clinit>&amp#27;[0;39m - HV000001: Hibernate Validator 8.0.0.Final
2023-05-31 14:20:38 &amp#27;[34mINFO &amp#27;[0;39m &amp#27;[35m[main]&amp#27;[0;39m &amp#27;[36mr.t.e.j.s.s.j.JdbcTgChatServiceTest.logStarting&amp#27;[0;39m - Starting JdbcTgChatServiceTest using Java 17.0.7 with PID 12660 (started by Роман in C:\Учеба\Java Development\TinkoffRep\TinkoffProject\scrapper)
2023-05-31 14:20:38 &amp#27;[34mINFO &amp#27;[0;39m &amp#27;[35m[main]&amp#27;[0;39m &amp#27;[36mr.t.e.j.s.s.j.JdbcTgChatServiceTest.logStartupProfileInfo&amp#27;[0;39m - No active profile set, falling back to 1 default profile: "default"
2023-05-31 14:20:41 &amp#27;[34mINFO &amp#27;[0;39m &amp#27;[35m[main]&amp#27;[0;39m &amp#27;[36mo.s.d.r.c.RepositoryConfigurationDelegate.registerRepositoriesIn&amp#27;[0;39m - Bootstrapping Spring Data JPA repositories in DEFAULT mode.
2023-05-31 14:20:41 &amp#27;[34mINFO &amp#27;[0;39m &amp#27;[35m[main]&amp#27;[0;39m &amp#27;[36mo.s.d.r.c.RepositoryConfigurationDelegate.registerRepositoriesIn&amp#27;[0;39m - Finished Spring Data repository scanning in 343 ms. Found 4 JPA repository interfaces.
2023-05-31 14:20:43 &amp#27;[34mINFO &amp#27;[0;39m &amp#27;[35m[main]&amp#27;[0;39m &amp#27;[36mo.h.j.internal.util.LogHelper.logPersistenceUnitInformation&amp#27;[0;39m - HHH000204: Processing PersistenceUnitInfo [name: default]
2023-05-31 14:20:43 &amp#27;[34mINFO &amp#27;[0;39m &amp#27;[35m[main]&amp#27;[0;39m &amp#27;[36morg.hibernate.Version.logVersion&amp#27;[0;39m - HHH000412: Hibernate ORM core version 6.1.6.Final
2023-05-31 14:20:44 &amp#27;[34mINFO &amp#27;[0;39m &amp#27;[35m[main]&amp#27;[0;39m &amp#27;[36mSQL dialect.logSelectedDialect&amp#27;[0;39m - HHH000400: Using dialect: org.hibernate.dialect.PostgreSQLDialect
2023-05-31 14:20:45 &amp#27;[34mINFO &amp#27;[0;39m &amp#27;[35m[main]&amp#27;[0;39m &amp#27;[36mo.h.e.t.j.p.i.JtaPlatformInitiator.initiateService&amp#27;[0;39m - HHH000490: Using JtaPlatform implementation: [org.hibernate.engine.transaction.jta.platform.internal.NoJtaPlatform]
2023-05-31 14:20:45 &amp#27;[34mINFO &amp#27;[0;39m &amp#27;[35m[main]&amp#27;[0;39m &amp#27;[36mo.s.o.j.LocalContainerEntityManagerFactoryBean.buildNativeEntityManagerFactory&amp#27;[0;39m - Initialized JPA EntityManagerFactory for persistence unit 'default'
2023-05-31 14:20:55 &amp#27;[34mINFO &amp#27;[0;39m &amp#27;[35m[main]&amp#27;[0;39m &amp#27;[36mr.t.e.j.s.s.j.JdbcTgChatServiceTest.logStarted&amp#27;[0;39m - Started JdbcTgChatServiceTest in 17.166 seconds (process running for 22.27)
2023-05-31 14:20:55 &amp#27;[1;31mERROR&amp#27;[0;39m &amp#27;[35m[scheduling-1]&amp#27;[0;39m &amp#27;[36mo.s.s.s.TaskUtils$LoggingErrorHandler.handleError&amp#27;[0;39m - Unexpected error occurred in scheduled task
org.springframework.jdbc.BadSqlGrammarException: StatementCallback; bad SQL grammar [SELECT l1.* FROM link_info.link l1 WHERE l1.id = (SELECT l2.id FROM link_info.link l2 WHERE l2.chat_id = l1.chat_id ORDER BY l2.last_check LIMIT 1);]
	at org.springframework.jdbc.support.SQLStateSQLExceptionTranslator.doTranslate(SQLStateSQLExceptionTranslator.java:99)
	at org.springframework.jdbc.support.AbstractFallbackSQLExceptionTranslator.translate(AbstractFallbackSQLExceptionTranslator.java:70)
	at org.springframework.jdbc.support.AbstractFallbackSQLExceptionTranslator.translate(AbstractFallbackSQLExceptionTranslator.java:79)
	at org.springframework.jdbc.core.JdbcTemplate.translateException(JdbcTemplate.java:1538)
	at org.springframework.jdbc.core.JdbcTemplate.execute(JdbcTemplate.java:393)
	at org.springframework.jdbc.core.JdbcTemplate.query(JdbcTemplate.java:465)
	at org.springframework.jdbc.core.JdbcTemplate.query(JdbcTemplate.java:475)
	at ru.tinkoff.edu.java.scrapper.repository.jdbc.JdbcLinkRepository.findOneOldestLinkByLastCheckForEachUser(JdbcLinkRepository.java:108)
	at java.base/jdk.internal.reflect.NativeMethodAccessorImpl.invoke0(Native Method)
	at java.base/jdk.internal.reflect.NativeMethodAccessorImpl.invoke(NativeMethodAccessorImpl.java:77)
	at java.base/jdk.internal.reflect.DelegatingMethodAccessorImpl.invoke(DelegatingMethodAccessorImpl.java:43)
	at java.base/java.lang.reflect.Method.invoke(Method.java:568)
	at org.springframework.aop.support.AopUtils.invokeJoinpointUsingReflection(AopUtils.java:343)
	at org.springframework.aop.framework.ReflectiveMethodInvocation.invokeJoinpoint(ReflectiveMethodInvocation.java:196)
	at org.springframework.aop.framework.ReflectiveMethodInvocation.proceed(ReflectiveMethodInvocation.java:163)
	at org.springframework.aop.framework.CglibAopProxy$CglibMethodInvocation.proceed(CglibAopProxy.java:752)
	at org.springframework.dao.support.PersistenceExceptionTranslationInterceptor.invoke(PersistenceExceptionTranslationInterceptor.java:137)
	at org.springframework.aop.framework.ReflectiveMethodInvocation.proceed(ReflectiveMethodInvocation.java:184)
	at org.springframework.aop.framework.CglibAopProxy$CglibMethodInvocation.proceed(CglibAopProxy.java:752)
	at org.springframework.aop.framework.CglibAopProxy$DynamicAdvisedInterceptor.intercept(CglibAopProxy.java:703)
	at ru.tinkoff.edu.java.scrapper.repository.jdbc.JdbcLinkRepository$$SpringCGLIB$$0.findOneOldestLinkByLastCheckForEachUser(<generated>)
	at ru.tinkoff.edu.java.scrapper.service.jdbc.JdbcLinksService.findAllOldestLinksByLastCheck(JdbcLinksService.java:59)
	at java.base/jdk.internal.reflect.NativeMethodAccessorImpl.invoke0(Native Method)
	at java.base/jdk.internal.reflect.NativeMethodAccessorImpl.invoke(NativeMethodAccessorImpl.java:77)
	at java.base/jdk.internal.reflect.DelegatingMethodAccessorImpl.invoke(DelegatingMethodAccessorImpl.java:43)
	at java.base/java.lang.reflect.Method.invoke(Method.java:568)
	at org.springframework.aop.support.AopUtils.invokeJoinpointUsingReflection(AopUtils.java:343)
	at org.springframework.aop.framework.ReflectiveMethodInvocation.invokeJoinpoint(ReflectiveMethodInvocation.java:196)
	at org.springframework.aop.framework.ReflectiveMethodInvocation.proceed(ReflectiveMethodInvocation.java:163)
	at org.springframework.aop.framework.CglibAopProxy$CglibMethodInvocation.proceed(CglibAopProxy.java:752)
	at org.springframework.transaction.interceptor.TransactionInterceptor$1.proceedWithInvocation(TransactionInterceptor.java:123)
	at org.springframework.transaction.interceptor.TransactionAspectSupport.invokeWithinTransaction(TransactionAspectSupport.java:388)
	at org.springframework.transaction.interceptor.TransactionInterceptor.invoke(TransactionInterceptor.java:119)
	at org.springframework.aop.framework.ReflectiveMethodInvocation.proceed(ReflectiveMethodInvocation.java:184)
	at org.springframework.aop.framework.CglibAopProxy$CglibMethodInvocation.proceed(CglibAopProxy.java:752)
	at org.springframework.aop.framework.CglibAopProxy$DynamicAdvisedInterceptor.intercept(CglibAopProxy.java:703)
	at ru.tinkoff.edu.java.scrapper.service.jdbc.JdbcLinksService$$SpringCGLIB$$0.findAllOldestLinksByLastCheck(<generated>)
	at ru.tinkoff.edu.java.scrapper.service.schedule.LinkUpdaterScheduler.update(LinkUpdaterScheduler.java:38)
	at java.base/jdk.internal.reflect.NativeMethodAccessorImpl.invoke0(Native Method)
	at java.base/jdk.internal.reflect.NativeMethodAccessorImpl.invoke(NativeMethodAccessorImpl.java:77)
	at java.base/jdk.internal.reflect.DelegatingMethodAccessorImpl.invoke(DelegatingMethodAccessorImpl.java:43)
	at java.base/java.lang.reflect.Method.invoke(Method.java:568)
	at org.springframework.scheduling.support.ScheduledMethodRunnable.run(ScheduledMethodRunnable.java:84)
	at org.springframework.scheduling.support.DelegatingErrorHandlingRunnable.run(DelegatingErrorHandlingRunnable.java:54)
	at java.base/java.util.concurrent.Executors$RunnableAdapter.call(Executors.java:539)
	at java.base/java.util.concurrent.FutureTask.runAndReset(FutureTask.java:305)
	at java.base/java.util.concurrent.ScheduledThreadPoolExecutor$ScheduledFutureTask.run(ScheduledThreadPoolExecutor.java:305)
	at java.base/java.util.concurrent.ThreadPoolExecutor.runWorker(ThreadPoolExecutor.java:1136)
	at java.base/java.util.concurrent.ThreadPoolExecutor$Worker.run(ThreadPoolExecutor.java:635)
	at java.base/java.lang.Thread.run(Thread.java:833)
Caused by: org.postgresql.util.PSQLException: ERROR: relation "link_info.link" does not exist
  Позиция: 18
	at org.postgresql.core.v3.QueryExecutorImpl.receiveErrorResponse(QueryExecutorImpl.java:2676)
	at org.postgresql.core.v3.QueryExecutorImpl.processResults(QueryExecutorImpl.java:2366)
	at org.postgresql.core.v3.QueryExecutorImpl.execute(QueryExecutorImpl.java:356)
	at org.postgresql.jdbc.PgStatement.executeInternal(PgStatement.java:496)
	at org.postgresql.jdbc.PgStatement.execute(PgStatement.java:413)
	at org.postgresql.jdbc.PgStatement.executeWithFlags(PgStatement.java:333)
	at org.postgresql.jdbc.PgStatement.executeCachedSql(PgStatement.java:319)
	at org.postgresql.jdbc.PgStatement.executeWithFlags(PgStatement.java:295)
	at org.postgresql.jdbc.PgStatement.executeQuery(PgStatement.java:244)
	at org.springframework.jdbc.core.JdbcTemplate$1QueryStatementCallback.doInStatement(JdbcTemplate.java:452)
	at org.springframework.jdbc.core.JdbcTemplate.execute(JdbcTemplate.java:381)
	... 45 common frames omitted
2023-05-31 14:20:56 &amp#27;[34mINFO &amp#27;[0;39m &amp#27;[35m[main]&amp#27;[0;39m &amp#27;[36mliquibase.database.log&amp#27;[0;39m - Set default schema name to public
2023-05-31 14:20:56 &amp#27;[34mINFO &amp#27;[0;39m &amp#27;[35m[main]&amp#27;[0;39m &amp#27;[36mliquibase.lockservice.log&amp#27;[0;39m - Successfully acquired change log lock
2023-05-31 14:20:56 &amp#27;[34mINFO &amp#27;[0;39m &amp#27;[35m[main]&amp#27;[0;39m &amp#27;[36mliquibase.changelog.log&amp#27;[0;39m - Creating database history table with name: public.databasechangelog
2023-05-31 14:20:56 &amp#27;[34mINFO &amp#27;[0;39m &amp#27;[35m[main]&amp#27;[0;39m &amp#27;[36mliquibase.changelog.log&amp#27;[0;39m - Reading from public.databasechangelog
Running Changeset: link-info-schema.sql::31::admin
2023-05-31 14:20:57 &amp#27;[34mINFO &amp#27;[0;39m &amp#27;[35m[main]&amp#27;[0;39m &amp#27;[36mliquibase.changelog.log&amp#27;[0;39m - Custom SQL executed
2023-05-31 14:20:57 &amp#27;[34mINFO &amp#27;[0;39m &amp#27;[35m[main]&amp#27;[0;39m &amp#27;[36mliquibase.changelog.log&amp#27;[0;39m - ChangeSet link-info-schema.sql::31::admin ran successfully in 32ms
Running Changeset: link-info-insert.sql::31::admin
2023-05-31 14:20:57 &amp#27;[34mINFO &amp#27;[0;39m &amp#27;[35m[main]&amp#27;[0;39m &amp#27;[36mliquibase.changelog.log&amp#27;[0;39m - Custom SQL executed
2023-05-31 14:20:57 &amp#27;[34mINFO &amp#27;[0;39m &amp#27;[35m[main]&amp#27;[0;39m &amp#27;[36mliquibase.changelog.log&amp#27;[0;39m - ChangeSet link-info-insert.sql::31::admin ran successfully in 35ms
2023-05-31 14:20:57 &amp#27;[34mINFO &amp#27;[0;39m &amp#27;[35m[main]&amp#27;[0;39m &amp#27;[36mliquibase.lockservice.log&amp#27;[0;39m - Successfully released change log lock
]]></system-out>
  </testcase>
  <testcase name="registerChat_shouldAddToDb" classname="ru.tinkoff.edu.java.scrapper.service.jdbc.JdbcTgChatServiceTest" time="0.39">
    <system-out><![CDATA[2023-05-31 14:20:57 &amp#27;[34mINFO &amp#27;[0;39m &amp#27;[35m[main]&amp#27;[0;39m &amp#27;[36mliquibase.database.log&amp#27;[0;39m - Set default schema name to public
2023-05-31 14:20:57 &amp#27;[34mINFO &amp#27;[0;39m &amp#27;[35m[main]&amp#27;[0;39m &amp#27;[36mliquibase.lockservice.log&amp#27;[0;39m - Successfully acquired change log lock
2023-05-31 14:20:57 &amp#27;[34mINFO &amp#27;[0;39m &amp#27;[35m[main]&amp#27;[0;39m &amp#27;[36mliquibase.changelog.log&amp#27;[0;39m - Reading from public.databasechangelog
2023-05-31 14:20:57 &amp#27;[34mINFO &amp#27;[0;39m &amp#27;[35m[main]&amp#27;[0;39m &amp#27;[36mliquibase.lockservice.log&amp#27;[0;39m - Successfully released change log lock
]]></system-out>
  </testcase>
  <testcase name="removeChat_shouldThrowDataNotFoundException" classname="ru.tinkoff.edu.java.scrapper.service.jdbc.JdbcTgChatServiceTest" time="0.345">
    <system-out><![CDATA[2023-05-31 14:20:57 &amp#27;[34mINFO &amp#27;[0;39m &amp#27;[35m[main]&amp#27;[0;39m &amp#27;[36mliquibase.database.log&amp#27;[0;39m - Set default schema name to public
2023-05-31 14:20:57 &amp#27;[34mINFO &amp#27;[0;39m &amp#27;[35m[main]&amp#27;[0;39m &amp#27;[36mliquibase.lockservice.log&amp#27;[0;39m - Successfully acquired change log lock
2023-05-31 14:20:57 &amp#27;[34mINFO &amp#27;[0;39m &amp#27;[35m[main]&amp#27;[0;39m &amp#27;[36mliquibase.changelog.log&amp#27;[0;39m - Reading from public.databasechangelog
2023-05-31 14:20:57 &amp#27;[34mINFO &amp#27;[0;39m &amp#27;[35m[main]&amp#27;[0;39m &amp#27;[36mliquibase.lockservice.log&amp#27;[0;39m - Successfully released change log lock
]]></system-out>
  </testcase>
  <testcase name="registerChat_shouldThrowDataAlreadyExistException" classname="ru.tinkoff.edu.java.scrapper.service.jdbc.JdbcTgChatServiceTest" time="0.284">
    <system-out><![CDATA[2023-05-31 14:20:57 &amp#27;[34mINFO &amp#27;[0;39m &amp#27;[35m[main]&amp#27;[0;39m &amp#27;[36mliquibase.database.log&amp#27;[0;39m - Set default schema name to public
2023-05-31 14:20:58 &amp#27;[34mINFO &amp#27;[0;39m &amp#27;[35m[main]&amp#27;[0;39m &amp#27;[36mliquibase.lockservice.log&amp#27;[0;39m - Successfully acquired change log lock
2023-05-31 14:20:58 &amp#27;[34mINFO &amp#27;[0;39m &amp#27;[35m[main]&amp#27;[0;39m &amp#27;[36mliquibase.changelog.log&amp#27;[0;39m - Reading from public.databasechangelog
2023-05-31 14:20:58 &amp#27;[34mINFO &amp#27;[0;39m &amp#27;[35m[main]&amp#27;[0;39m &amp#27;[36mliquibase.lockservice.log&amp#27;[0;39m - Successfully released change log lock
]]></system-out>
  </testcase>
</testsuite>